c:\users\lobo\documents\visual studio 2013\projects\segundo semestre orientada a objetos\lavadoraclases\lavadoraclases\debug\vc120.pdb
c:\users\lobo\documents\visual studio 2013\projects\segundo semestre orientada a objetos\lavadoraclases\lavadoraclases\debug\vc120.idb
c:\users\lobo\documents\visual studio 2013\projects\segundo semestre orientada a objetos\lavadoraclases\lavadoraclases\debug\lavadora.obj
c:\users\lobo\documents\visual studio 2013\projects\segundo semestre orientada a objetos\lavadoraclases\lavadoraclases\debug\main.obj
c:\users\lobo\documents\visual studio 2013\projects\segundo semestre orientada a objetos\lavadoraclases\debug\lavadoraclases.ilk
c:\users\lobo\documents\visual studio 2013\projects\segundo semestre orientada a objetos\lavadoraclases\debug\lavadoraclases.exe
c:\users\lobo\documents\visual studio 2013\projects\segundo semestre orientada a objetos\lavadoraclases\debug\lavadoraclases.pdb
c:\users\indspiron 15-5559\documents\visual studio 2013\projects\segundo semestre orientada a objetos\lavadoraclases\lavadoraclases\debug\lavadora.obj
c:\users\indspiron 15-5559\documents\visual studio 2013\projects\segundo semestre orientada a objetos\lavadoraclases\lavadoraclases\debug\main.obj
c:\users\indspiron 15-5559\documents\visual studio 2013\projects\segundo semestre orientada a objetos\lavadoraclases\lavadoraclases\debug\vc120.idb
c:\users\indspiron 15-5559\documents\visual studio 2013\projects\segundo semestre orientada a objetos\lavadoraclases\lavadoraclases\debug\vc120.pdb
c:\users\indspiron 15-5559\documents\visual studio 2013\projects\segundo semestre orientada a objetos\lavadoraclases\debug\lavadoraclases.pdb
c:\users\indspiron 15-5559\documents\visual studio 2013\projects\segundo semestre orientada a objetos\lavadoraclases\debug\lavadoraclases.exe
c:\users\indspiron 15-5559\documents\visual studio 2013\projects\segundo semestre orientada a objetos\lavadoraclases\debug\lavadoraclases.ilk
c:\users\indspiron 15-5559\documents\visual studio 2013\projects\segundo semestre orientada a objetos\lavadoraclases\lavadoraclases\debug\lavadoraclases.tlog\cl.command.1.tlog
c:\users\indspiron 15-5559\documents\visual studio 2013\projects\segundo semestre orientada a objetos\lavadoraclases\lavadoraclases\debug\lavadoraclases.tlog\cl.read.1.tlog
c:\users\indspiron 15-5559\documents\visual studio 2013\projects\segundo semestre orientada a objetos\lavadoraclases\lavadoraclases\debug\lavadoraclases.tlog\cl.write.1.tlog
c:\users\indspiron 15-5559\documents\visual studio 2013\projects\segundo semestre orientada a objetos\lavadoraclases\lavadoraclases\debug\lavadoraclases.tlog\link.command.1.tlog
c:\users\indspiron 15-5559\documents\visual studio 2013\projects\segundo semestre orientada a objetos\lavadoraclases\lavadoraclases\debug\lavadoraclases.tlog\link.read.1.tlog
c:\users\indspiron 15-5559\documents\visual studio 2013\projects\segundo semestre orientada a objetos\lavadoraclases\lavadoraclases\debug\lavadoraclases.tlog\link.write.1.tlog
