Compilación iniciada a las 27/10/2015 09:13:52 a.m..
     1>Proyecto "C:\Users\Lobo\Documents\Visual Studio 2013\Projects\Tercer semestre Data structures\Postfix_converter_Homework\Postfix_converter_Homework\Postfix_converter_Homework.vcxproj" en el nodo 2 (Rebuild destinos).
     1>ClCompile:
         C:\Program Files (x86)\Microsoft Visual Studio 12.0\VC\bin\CL.exe /c /ZI /nologo /W3 /WX- /sdl /Od /Oy- /D WIN32 /D _DEBUG /D _CONSOLE /D _LIB /D _UNICODE /D UNICODE /Gm /EHsc /RTC1 /MDd /GS /fp:precise /Zc:wchar_t /Zc:forScope /Fo"Debug\\" /Fd"Debug\vc120.pdb" /Gd /TP /analyze- /errorReport:prompt Postfix.cpp Test_postfix.cpp
         Test_postfix.cpp
         Postfix.cpp
     1>c:\users\lobo\documents\visual studio 2013\projects\tercer semestre data structures\postfix_converter_homework\postfix_converter_homework\postfix.cpp(66): warning C4018: '<' : no coinciden signed/unsigned
     1>c:\users\lobo\documents\visual studio 2013\projects\tercer semestre data structures\postfix_converter_homework\postfix_converter_homework\postfix.cpp(142): warning C4018: '<' : no coinciden signed/unsigned
     1>c:\users\lobo\documents\visual studio 2013\projects\tercer semestre data structures\postfix_converter_homework\postfix_converter_homework\postfix.cpp(156): warning C4244: 'argumento' : conversión de 'float' a 'const int'; posible pérdida de datos
     1>c:\users\lobo\documents\visual studio 2013\projects\tercer semestre data structures\postfix_converter_homework\postfix_converter_homework\postfix.cpp(171): warning C4244: '=' : conversión de 'int' a 'float'; posible pérdida de datos
     1>c:\users\lobo\documents\visual studio 2013\projects\tercer semestre data structures\postfix_converter_homework\postfix_converter_homework\postfix.cpp(175): warning C4244: '=' : conversión de 'int' a 'float'; posible pérdida de datos
     1>c:\users\lobo\documents\visual studio 2013\projects\tercer semestre data structures\postfix_converter_homework\postfix_converter_homework\postfix.cpp(179): warning C4244: '=' : conversión de 'int' a 'float'; posible pérdida de datos
     1>c:\users\lobo\documents\visual studio 2013\projects\tercer semestre data structures\postfix_converter_homework\postfix_converter_homework\postfix.cpp(183): warning C4244: '=' : conversión de 'double' a 'float'; posible pérdida de datos
     1>c:\users\lobo\documents\visual studio 2013\projects\tercer semestre data structures\postfix_converter_homework\postfix_converter_homework\postfix.cpp(187): warning C4244: '=' : conversión de 'int' a 'float'; posible pérdida de datos
     1>c:\users\lobo\documents\visual studio 2013\projects\tercer semestre data structures\postfix_converter_homework\postfix_converter_homework\postfix.cpp(191): warning C4244: '=' : conversión de 'int' a 'float'; posible pérdida de datos
         Generando código...
       Link:
         C:\Program Files (x86)\Microsoft Visual Studio 12.0\VC\bin\link.exe /ERRORREPORT:PROMPT /OUT:"C:\Users\Lobo\Documents\Visual Studio 2013\Projects\Tercer semestre Data structures\Postfix_converter_Homework\Debug\Postfix_converter_Homework.exe" /INCREMENTAL /NOLOGO kernel32.lib user32.lib gdi32.lib winspool.lib comdlg32.lib advapi32.lib shell32.lib ole32.lib oleaut32.lib uuid.lib odbc32.lib odbccp32.lib /MANIFEST /MANIFESTUAC:"level='asInvoker' uiAccess='false'" /manifest:embed /DEBUG /PDB:"C:\Users\Lobo\Documents\Visual Studio 2013\Projects\Tercer semestre Data structures\Postfix_converter_Homework\Debug\Postfix_converter_Homework.pdb" /SUBSYSTEM:CONSOLE /TLBID:1 /DYNAMICBASE /NXCOMPAT /IMPLIB:"C:\Users\Lobo\Documents\Visual Studio 2013\Projects\Tercer semestre Data structures\Postfix_converter_Homework\Debug\Postfix_converter_Homework.lib" /MACHINE:X86 Debug\Postfix.obj
         Debug\Test_postfix.obj
         Postfix_converter_Homework.vcxproj -> C:\Users\Lobo\Documents\Visual Studio 2013\Projects\Tercer semestre Data structures\Postfix_converter_Homework\Debug\Postfix_converter_Homework.exe
     1>Compilación del proyecto terminada "C:\Users\Lobo\Documents\Visual Studio 2013\Projects\Tercer semestre Data structures\Postfix_converter_Homework\Postfix_converter_Homework\Postfix_converter_Homework.vcxproj" (Rebuild destinos).

Compilación correcta.

Tiempo transcurrido 00:00:02.61
