Build started 11/09/2017 12:50:30 PM.
     1>Project "C:\Users\lobo4\Documents\Visual Studio 2013\Projects\Septimo_Simulaciones\Primer parcial\Primer parcial\Primer parcial.vcxproj" on node 2 (Rebuild target(s)).
     1>ClCompile:
         C:\Program Files (x86)\Microsoft Visual Studio 12.0\VC\bin\CL.exe /c /ZI /nologo /W3 /WX- /sdl /Od /Oy- /D WIN32 /D _DEBUG /D _CONSOLE /D _LIB /D _UNICODE /D UNICODE /Gm /EHsc /RTC1 /MDd /GS /fp:precise /Zc:wchar_t /Zc:forScope /Fo"Debug\\" /Fd"Debug\vc120.pdb" /Gd /TP /analyze- /errorReport:prompt Simulaciones_5.15.cpp Simulaciones_5.16.cpp Simulaciones_5.6.cpp Simulaciones_5.7.cpp
         Simulaciones_5.7.cpp
     1>c:\users\lobo4\documents\visual studio 2013\projects\septimo_simulaciones\primer parcial\primer parcial\simulaciones_5.7.cpp(32): warning C4244: 'argument' : conversion from 'time_t' to 'unsigned int', possible loss of data
     1>c:\users\lobo4\documents\visual studio 2013\projects\septimo_simulaciones\primer parcial\primer parcial\simulaciones_5.7.cpp(59): warning C4244: '=' : conversion from 'double' to 'float', possible loss of data
     1>c:\users\lobo4\documents\visual studio 2013\projects\septimo_simulaciones\primer parcial\primer parcial\simulaciones_5.7.cpp(60): warning C4244: '=' : conversion from 'double' to 'float', possible loss of data
     1>c:\users\lobo4\documents\visual studio 2013\projects\septimo_simulaciones\primer parcial\primer parcial\simulaciones_5.7.cpp(65): warning C4244: '=' : conversion from 'double' to 'float', possible loss of data
     1>c:\users\lobo4\documents\visual studio 2013\projects\septimo_simulaciones\primer parcial\primer parcial\simulaciones_5.7.cpp(81): warning C4244: '+=' : conversion from 'double' to 'float', possible loss of data
     1>c:\users\lobo4\documents\visual studio 2013\projects\septimo_simulaciones\primer parcial\primer parcial\simulaciones_5.7.cpp(93): warning C4244: '+=' : conversion from 'double' to 'float', possible loss of data
     1>c:\users\lobo4\documents\visual studio 2013\projects\septimo_simulaciones\primer parcial\primer parcial\simulaciones_5.7.cpp(104): warning C4244: '+=' : conversion from 'double' to 'float', possible loss of data
         Simulaciones_5.6.cpp
     1>c:\users\lobo4\documents\visual studio 2013\projects\septimo_simulaciones\primer parcial\primer parcial\simulaciones_5.6.cpp(111): warning C4244: '=' : conversion from 'double' to 'int', possible loss of data
     1>c:\users\lobo4\documents\visual studio 2013\projects\septimo_simulaciones\primer parcial\primer parcial\simulaciones_5.6.cpp(137): warning C4018: '<' : signed/unsigned mismatch
     1>c:\users\lobo4\documents\visual studio 2013\projects\septimo_simulaciones\primer parcial\primer parcial\simulaciones_5.6.cpp(145): warning C4244: 'argument' : conversion from 'double' to 'int', possible loss of data
         Simulaciones_5.16.cpp
         Simulaciones_5.15.cpp
         Generating Code...
       Link:
         C:\Program Files (x86)\Microsoft Visual Studio 12.0\VC\bin\link.exe /ERRORREPORT:PROMPT /OUT:"C:\Users\lobo4\Documents\Visual Studio 2013\Projects\Septimo_Simulaciones\Primer parcial\Debug\Primer parcial.exe" /INCREMENTAL /NOLOGO kernel32.lib user32.lib gdi32.lib winspool.lib comdlg32.lib advapi32.lib shell32.lib ole32.lib oleaut32.lib uuid.lib odbc32.lib odbccp32.lib /MANIFEST /MANIFESTUAC:"level='asInvoker' uiAccess='false'" /manifest:embed /DEBUG /PDB:"C:\Users\lobo4\Documents\Visual Studio 2013\Projects\Septimo_Simulaciones\Primer parcial\Debug\Primer parcial.pdb" /SUBSYSTEM:CONSOLE /TLBID:1 /DYNAMICBASE /NXCOMPAT /IMPLIB:"C:\Users\lobo4\Documents\Visual Studio 2013\Projects\Septimo_Simulaciones\Primer parcial\Debug\Primer parcial.lib" /MACHINE:X86 Debug\Simulaciones_5.15.obj
         Debug\Simulaciones_5.16.obj
         Debug\Simulaciones_5.6.obj
         Debug\Simulaciones_5.7.obj
         Primer parcial.vcxproj -> C:\Users\lobo4\Documents\Visual Studio 2013\Projects\Septimo_Simulaciones\Primer parcial\Debug\Primer parcial.exe
     1>Done Building Project "C:\Users\lobo4\Documents\Visual Studio 2013\Projects\Septimo_Simulaciones\Primer parcial\Primer parcial\Primer parcial.vcxproj" (Rebuild target(s)).

Build succeeded.

Time Elapsed 00:00:04.81
