c:\users\lobo\documents\visual studio 2013\projects\segundo semestre orientada a objetos\angel\angel\debug\vc120.pdb
c:\users\lobo\documents\visual studio 2013\projects\segundo semestre orientada a objetos\angel\angel\debug\vc120.idb
c:\users\lobo\documents\visual studio 2013\projects\segundo semestre orientada a objetos\angel\angel\debug\arduino.obj
c:\users\lobo\documents\visual studio 2013\projects\segundo semestre orientada a objetos\angel\angel\debug\bateria.obj
c:\users\lobo\documents\visual studio 2013\projects\segundo semestre orientada a objetos\angel\angel\debug\bluetooth.obj
c:\users\lobo\documents\visual studio 2013\projects\segundo semestre orientada a objetos\angel\angel\debug\capacitor.obj
c:\users\lobo\documents\visual studio 2013\projects\segundo semestre orientada a objetos\angel\angel\debug\ci.obj
c:\users\lobo\documents\visual studio 2013\projects\segundo semestre orientada a objetos\angel\angel\debug\componentes.obj
c:\users\lobo\documents\visual studio 2013\projects\segundo semestre orientada a objetos\angel\angel\debug\comunicacionrf.obj
c:\users\lobo\documents\visual studio 2013\projects\segundo semestre orientada a objetos\angel\angel\debug\eliminador.obj
c:\users\lobo\documents\visual studio 2013\projects\segundo semestre orientada a objetos\angel\angel\debug\energia.obj
c:\users\lobo\documents\visual studio 2013\projects\segundo semestre orientada a objetos\angel\angel\debug\led.obj
c:\users\lobo\documents\visual studio 2013\projects\segundo semestre orientada a objetos\angel\angel\debug\main.obj
c:\users\lobo\documents\visual studio 2013\projects\segundo semestre orientada a objetos\angel\angel\debug\microcontroladores.obj
c:\users\lobo\documents\visual studio 2013\projects\segundo semestre orientada a objetos\angel\angel\debug\producto.obj
c:\users\lobo\documents\visual studio 2013\projects\segundo semestre orientada a objetos\angel\angel\debug\resistencia.obj
c:\users\lobo\documents\visual studio 2013\projects\segundo semestre orientada a objetos\angel\angel\debug\sparkfun.obj
c:\users\lobo\documents\visual studio 2013\projects\segundo semestre orientada a objetos\angel\angel\debug\zigbee.obj
c:\users\lobo\documents\visual studio 2013\projects\segundo semestre orientada a objetos\angel\debug\angel.ilk
c:\users\lobo\documents\visual studio 2013\projects\segundo semestre orientada a objetos\angel\debug\angel.exe
c:\users\lobo\documents\visual studio 2013\projects\segundo semestre orientada a objetos\angel\debug\angel.pdb
c:\users\indspiron 15-5559\documents\visual studio 2013\projects\segundo semestre orientada a objetos\angel\angel\debug\arduino.obj
c:\users\indspiron 15-5559\documents\visual studio 2013\projects\segundo semestre orientada a objetos\angel\angel\debug\bateria.obj
c:\users\indspiron 15-5559\documents\visual studio 2013\projects\segundo semestre orientada a objetos\angel\angel\debug\bluetooth.obj
c:\users\indspiron 15-5559\documents\visual studio 2013\projects\segundo semestre orientada a objetos\angel\angel\debug\capacitor.obj
c:\users\indspiron 15-5559\documents\visual studio 2013\projects\segundo semestre orientada a objetos\angel\angel\debug\ci.obj
c:\users\indspiron 15-5559\documents\visual studio 2013\projects\segundo semestre orientada a objetos\angel\angel\debug\componentes.obj
c:\users\indspiron 15-5559\documents\visual studio 2013\projects\segundo semestre orientada a objetos\angel\angel\debug\comunicacionrf.obj
c:\users\indspiron 15-5559\documents\visual studio 2013\projects\segundo semestre orientada a objetos\angel\angel\debug\eliminador.obj
c:\users\indspiron 15-5559\documents\visual studio 2013\projects\segundo semestre orientada a objetos\angel\angel\debug\energia.obj
c:\users\indspiron 15-5559\documents\visual studio 2013\projects\segundo semestre orientada a objetos\angel\angel\debug\led.obj
c:\users\indspiron 15-5559\documents\visual studio 2013\projects\segundo semestre orientada a objetos\angel\angel\debug\main.obj
c:\users\indspiron 15-5559\documents\visual studio 2013\projects\segundo semestre orientada a objetos\angel\angel\debug\microcontroladores.obj
c:\users\indspiron 15-5559\documents\visual studio 2013\projects\segundo semestre orientada a objetos\angel\angel\debug\producto.obj
c:\users\indspiron 15-5559\documents\visual studio 2013\projects\segundo semestre orientada a objetos\angel\angel\debug\resistencia.obj
c:\users\indspiron 15-5559\documents\visual studio 2013\projects\segundo semestre orientada a objetos\angel\angel\debug\sparkfun.obj
c:\users\indspiron 15-5559\documents\visual studio 2013\projects\segundo semestre orientada a objetos\angel\angel\debug\zigbee.obj
c:\users\indspiron 15-5559\documents\visual studio 2013\projects\segundo semestre orientada a objetos\angel\angel\debug\vc120.idb
c:\users\indspiron 15-5559\documents\visual studio 2013\projects\segundo semestre orientada a objetos\angel\angel\debug\vc120.pdb
c:\users\indspiron 15-5559\documents\visual studio 2013\projects\segundo semestre orientada a objetos\angel\debug\angel.pdb
c:\users\indspiron 15-5559\documents\visual studio 2013\projects\segundo semestre orientada a objetos\angel\debug\angel.exe
c:\users\indspiron 15-5559\documents\visual studio 2013\projects\segundo semestre orientada a objetos\angel\debug\angel.ilk
c:\users\indspiron 15-5559\documents\visual studio 2013\projects\segundo semestre orientada a objetos\angel\angel\debug\angel.tlog\cl.command.1.tlog
c:\users\indspiron 15-5559\documents\visual studio 2013\projects\segundo semestre orientada a objetos\angel\angel\debug\angel.tlog\cl.read.1.tlog
c:\users\indspiron 15-5559\documents\visual studio 2013\projects\segundo semestre orientada a objetos\angel\angel\debug\angel.tlog\cl.write.1.tlog
c:\users\indspiron 15-5559\documents\visual studio 2013\projects\segundo semestre orientada a objetos\angel\angel\debug\angel.tlog\link.command.1.tlog
c:\users\indspiron 15-5559\documents\visual studio 2013\projects\segundo semestre orientada a objetos\angel\angel\debug\angel.tlog\link.read.1.tlog
c:\users\indspiron 15-5559\documents\visual studio 2013\projects\segundo semestre orientada a objetos\angel\angel\debug\angel.tlog\link.write.1.tlog
