c:\users\lobo4\documents\visual studio 2013\projects\sexto semestre graficas (infograhie)\openglman tutorials\premier didacticiel\premier didacticiel\debug\vc120.pdb
c:\users\lobo4\documents\visual studio 2013\projects\sexto semestre graficas (infograhie)\openglman tutorials\premier didacticiel\premier didacticiel\debug\vc120.idb
c:\users\lobo4\documents\visual studio 2013\projects\sexto semestre graficas (infograhie)\openglman tutorials\premier didacticiel\premier didacticiel\debug\didacticiel_1.obj
c:\users\lobo4\documents\visual studio 2013\projects\sexto semestre graficas (infograhie)\openglman tutorials\premier didacticiel\premier didacticiel\debug\dinoshape.obj
c:\users\lobo4\documents\visual studio 2013\projects\sexto semestre graficas (infograhie)\openglman tutorials\premier didacticiel\premier didacticiel\debug\experiments.obj
c:\users\lobo4\documents\visual studio 2013\projects\sexto semestre graficas (infograhie)\openglman tutorials\premier didacticiel\premier didacticiel\debug\glm.obj
c:\users\lobo4\documents\visual studio 2013\projects\sexto semestre graficas (infograhie)\openglman tutorials\premier didacticiel\premier didacticiel\debug\mirror.obj
c:\users\lobo4\documents\visual studio 2013\projects\sexto semestre graficas (infograhie)\openglman tutorials\premier didacticiel\premier didacticiel\debug\teapot.obj
c:\users\lobo4\documents\visual studio 2013\projects\sexto semestre graficas (infograhie)\openglman tutorials\premier didacticiel\premier didacticiel\debug\teapotstencil.obj
c:\users\lobo4\documents\visual studio 2013\projects\sexto semestre graficas (infograhie)\openglman tutorials\premier didacticiel\premier didacticiel\debug\transformations.obj
c:\users\lobo4\documents\visual studio 2013\projects\sexto semestre graficas (infograhie)\openglman tutorials\premier didacticiel\premier didacticiel\debug\trianglesquare.obj
c:\users\lobo4\documents\visual studio 2013\projects\sexto semestre graficas (infograhie)\openglman tutorials\premier didacticiel\premier didacticiel\debug\snowmancamera.obj
c:\users\lobo4\documents\visual studio 2013\projects\sexto semestre graficas (infograhie)\openglman tutorials\premier didacticiel\premier didacticiel\debug\projection.obj
c:\users\lobo4\documents\visual studio 2013\projects\sexto semestre graficas (infograhie)\openglman tutorials\premier didacticiel\debug\premier didacticiel.pdb
c:\users\lobo4\documents\visual studio 2013\projects\sexto semestre graficas (infograhie)\openglman tutorials\premier didacticiel\premier didacticiel\debug\premier .9b08aa72.tlog\cl.command.1.tlog
c:\users\lobo4\documents\visual studio 2013\projects\sexto semestre graficas (infograhie)\openglman tutorials\premier didacticiel\premier didacticiel\debug\premier .9b08aa72.tlog\cl.read.1.tlog
c:\users\lobo4\documents\visual studio 2013\projects\sexto semestre graficas (infograhie)\openglman tutorials\premier didacticiel\premier didacticiel\debug\premier .9b08aa72.tlog\cl.write.1.tlog
c:\users\lobo4\documents\visual studio 2013\projects\sexto semestre graficas (infograhie)\openglman tutorials\premier didacticiel\premier didacticiel\debug\premier .9b08aa72.tlog\link-cvtres.read.1.tlog
c:\users\lobo4\documents\visual studio 2013\projects\sexto semestre graficas (infograhie)\openglman tutorials\premier didacticiel\premier didacticiel\debug\premier .9b08aa72.tlog\link-cvtres.write.1.tlog
c:\users\lobo4\documents\visual studio 2013\projects\sexto semestre graficas (infograhie)\openglman tutorials\premier didacticiel\premier didacticiel\debug\premier .9b08aa72.tlog\link-rc.read.1.tlog
c:\users\lobo4\documents\visual studio 2013\projects\sexto semestre graficas (infograhie)\openglman tutorials\premier didacticiel\premier didacticiel\debug\premier .9b08aa72.tlog\link-rc.write.1.tlog
c:\users\lobo4\documents\visual studio 2013\projects\sexto semestre graficas (infograhie)\openglman tutorials\premier didacticiel\premier didacticiel\debug\premier .9b08aa72.tlog\link.command.1.tlog
c:\users\lobo4\documents\visual studio 2013\projects\sexto semestre graficas (infograhie)\openglman tutorials\premier didacticiel\premier didacticiel\debug\premier .9b08aa72.tlog\link.read.1.tlog
c:\users\lobo4\documents\visual studio 2013\projects\sexto semestre graficas (infograhie)\openglman tutorials\premier didacticiel\premier didacticiel\debug\premier .9b08aa72.tlog\link.write.1.tlog
