Compilación iniciada a las 15/03/2015 08:20:35 p.m..
     1>Proyecto "C:\Users\Lobo\Documents\Visual Studio 2013\Projects\Primer semestre Fundamentos progra\Practica\Practica\Practica.vcxproj" en el nodo 2 (Rebuild destinos).
     1>ClCompile:
         C:\Program Files (x86)\Microsoft Visual Studio 12.0\VC\bin\CL.exe /c /ZI /nologo /W3 /WX- /sdl /Od /Oy- /D WIN32 /D _DEBUG /D _CONSOLE /D _LIB /D _UNICODE /D UNICODE /Gm /EHsc /RTC1 /MDd /GS /fp:precise /Zc:wchar_t /Zc:forScope /Fo"Debug\\" /Fd"Debug\vc120.pdb" /Gd /TC /analyze- /errorReport:prompt Practica.c
         Practica.c
     1>c:\users\lobo\documents\visual studio 2013\projects\primer semestre fundamentos progra\practica\practica\practica.c(10): warning C4566: el carácter representado por el nombre de carácter universal '\u2660' no se puede representar en la página de códigos actual (1252)
     1>c:\users\lobo\documents\visual studio 2013\projects\primer semestre fundamentos progra\practica\practica\practica.c(10): warning C4566: el carácter representado por el nombre de carácter universal '\u2663' no se puede representar en la página de códigos actual (1252)
     1>c:\users\lobo\documents\visual studio 2013\projects\primer semestre fundamentos progra\practica\practica\practica.c(10): warning C4566: el carácter representado por el nombre de carácter universal '\u2665' no se puede representar en la página de códigos actual (1252)
     1>c:\users\lobo\documents\visual studio 2013\projects\primer semestre fundamentos progra\practica\practica\practica.c(10): warning C4566: el carácter representado por el nombre de carácter universal '\u2764' no se puede representar en la página de códigos actual (1252)
     1>c:\users\lobo\documents\visual studio 2013\projects\primer semestre fundamentos progra\practica\practica\practica.c(10): warning C4566: el carácter representado por el nombre de carácter universal '\u25C6' no se puede representar en la página de códigos actual (1252)
     1>c:\users\lobo\documents\visual studio 2013\projects\primer semestre fundamentos progra\practica\practica\practica.c(11): warning C4566: el carácter representado por el nombre de carácter universal '\u2662' no se puede representar en la página de códigos actual (1252)
     1>c:\users\lobo\documents\visual studio 2013\projects\primer semestre fundamentos progra\practica\practica\practica.c(11): warning C4566: el carácter representado por el nombre de carácter universal '\u2664' no se puede representar en la página de códigos actual (1252)
     1>c:\users\lobo\documents\visual studio 2013\projects\primer semestre fundamentos progra\practica\practica\practica.c(11): warning C4566: el carácter representado por el nombre de carácter universal '\u2667' no se puede representar en la página de códigos actual (1252)
     1>c:\users\lobo\documents\visual studio 2013\projects\primer semestre fundamentos progra\practica\practica\practica.c(11): warning C4566: el carácter representado por el nombre de carácter universal '\u2661' no se puede representar en la página de códigos actual (1252)
     1>c:\users\lobo\documents\visual studio 2013\projects\primer semestre fundamentos progra\practica\practica\practica.c(14): warning C4566: el carácter representado por el nombre de carácter universal '\u2660' no se puede representar en la página de códigos actual (1252)
     1>c:\users\lobo\documents\visual studio 2013\projects\primer semestre fundamentos progra\practica\practica\practica.c(14): warning C4566: el carácter representado por el nombre de carácter universal '\u2663' no se puede representar en la página de códigos actual (1252)
     1>c:\users\lobo\documents\visual studio 2013\projects\primer semestre fundamentos progra\practica\practica\practica.c(14): warning C4566: el carácter representado por el nombre de carácter universal '\u2665' no se puede representar en la página de códigos actual (1252)
     1>c:\users\lobo\documents\visual studio 2013\projects\primer semestre fundamentos progra\practica\practica\practica.c(14): warning C4566: el carácter representado por el nombre de carácter universal '\u2764' no se puede representar en la página de códigos actual (1252)
     1>c:\users\lobo\documents\visual studio 2013\projects\primer semestre fundamentos progra\practica\practica\practica.c(14): warning C4566: el carácter representado por el nombre de carácter universal '\u25C6' no se puede representar en la página de códigos actual (1252)
     1>c:\users\lobo\documents\visual studio 2013\projects\primer semestre fundamentos progra\practica\practica\practica.c(15): warning C4566: el carácter representado por el nombre de carácter universal '\u2662' no se puede representar en la página de códigos actual (1252)
     1>c:\users\lobo\documents\visual studio 2013\projects\primer semestre fundamentos progra\practica\practica\practica.c(15): warning C4566: el carácter representado por el nombre de carácter universal '\u2664' no se puede representar en la página de códigos actual (1252)
     1>c:\users\lobo\documents\visual studio 2013\projects\primer semestre fundamentos progra\practica\practica\practica.c(15): warning C4566: el carácter representado por el nombre de carácter universal '\u2667' no se puede representar en la página de códigos actual (1252)
     1>c:\users\lobo\documents\visual studio 2013\projects\primer semestre fundamentos progra\practica\practica\practica.c(15): warning C4566: el carácter representado por el nombre de carácter universal '\u2661' no se puede representar en la página de códigos actual (1252)
     1>c:\users\lobo\documents\visual studio 2013\projects\primer semestre fundamentos progra\practica\practica\practica.c(31): warning C4566: el carácter representado por el nombre de carácter universal '\u25C6' no se puede representar en la página de códigos actual (1252)
     1>c:\users\lobo\documents\visual studio 2013\projects\primer semestre fundamentos progra\practica\practica\practica.c(34): warning C4244: 'función' : conversión de 'time_t' a 'unsigned int'; posible pérdida de datos
       Link:
         C:\Program Files (x86)\Microsoft Visual Studio 12.0\VC\bin\link.exe /ERRORREPORT:PROMPT /OUT:"C:\Users\Lobo\Documents\Visual Studio 2013\Projects\Primer semestre Fundamentos progra\Practica\Debug\Practica.exe" /INCREMENTAL /NOLOGO kernel32.lib user32.lib gdi32.lib winspool.lib comdlg32.lib advapi32.lib shell32.lib ole32.lib oleaut32.lib uuid.lib odbc32.lib odbccp32.lib /MANIFEST /MANIFESTUAC:"level='asInvoker' uiAccess='false'" /manifest:embed /DEBUG /PDB:"C:\Users\Lobo\Documents\Visual Studio 2013\Projects\Primer semestre Fundamentos progra\Practica\Debug\Practica.pdb" /SUBSYSTEM:CONSOLE /TLBID:1 /DYNAMICBASE /NXCOMPAT /IMPLIB:"C:\Users\Lobo\Documents\Visual Studio 2013\Projects\Primer semestre Fundamentos progra\Practica\Debug\Practica.lib" /MACHINE:X86 Debug\Practica.obj
         Practica.vcxproj -> C:\Users\Lobo\Documents\Visual Studio 2013\Projects\Primer semestre Fundamentos progra\Practica\Debug\Practica.exe
     1>Compilación del proyecto terminada "C:\Users\Lobo\Documents\Visual Studio 2013\Projects\Primer semestre Fundamentos progra\Practica\Practica\Practica.vcxproj" (Rebuild destinos).

Compilación correcta.

Tiempo transcurrido 00:00:01.83
